# JRE version: OpenJDK Runtime Environment (15.0.1+9) (build 15.0.1+9-18)
# Java VM: OpenJDK 64-Bit Server VM (15.0.1+9-18, mixed mode, tiered, compressed oops, g1 gc, windows-amd64)
GC Precious Log:
 CPUs: 4 total, 4 available
 Memory: 8093M
 Large Page Support: Disabled
 NUMA Support: Disabled
 Compressed Oops: Enabled (32-bit)
 Heap Region Size: 1M
 Heap Min Capacity: 8M
 Heap Initial Capacity: 128M
 Heap Max Capacity: 2024M
 Pre-touch: Disabled
 Parallel Workers: 4
 Concurrent Workers: 1
 Concurrent Refinement Workers: 4
 Periodic GC: Disabled
Heap:
 garbage-first heap   total 37888K, used 23915K [0x0000000081800000, 0x0000000100000000)
  region size 1024K, 17 young (17408K), 1 survivors (1024K)
 Metaspace       used 23508K, capacity 23780K, committed 24064K, reserved 1071104K
  class space    used 2385K, capacity 2473K, committed 2560K, reserved 1048576K
GC Heap History (20 events):
Event: 0.395 GC heap before
{Heap before GC invocations=0 (full 0):
 garbage-first heap   total 131072K, used 10240K [0x0000000081800000, 0x0000000100000000)
  region size 1024K, 6 young (6144K), 0 survivors (0K)
 Metaspace       used 7046K, capacity 7136K, committed 7296K, reserved 1056768K
  class space    used 585K, capacity 632K, committed 640K, reserved 1048576K
}
Event: 0.401 GC heap after
{Heap after GC invocations=1 (full 1):
 garbage-first heap   total 34816K, used 8976K [0x0000000081800000, 0x0000000100000000)
  region size 1024K, 0 young (0K), 0 survivors (0K)
 Metaspace       used 7046K, capacity 7136K, committed 7296K, reserved 1056768K
  class space    used 585K, capacity 632K, committed 640K, reserved 1048576K
}
Event: 0.509 GC heap before
{Heap before GC invocations=1 (full 1):
 garbage-first heap   total 34816K, used 11024K [0x0000000081800000, 0x0000000100000000)
  region size 1024K, 3 young (3072K), 0 survivors (0K)
 Metaspace       used 9235K, capacity 9318K, committed 9600K, reserved 1058816K
  class space    used 800K, capacity 826K, committed 896K, reserved 1048576K
}
Event: 0.515 GC heap after
{Heap after GC invocations=2 (full 2):
 garbage-first heap   total 17408K, used 3793K [0x0000000081800000, 0x0000000100000000)
  region size 1024K, 0 young (0K), 0 survivors (0K)
 Metaspace       used 9235K, capacity 9318K, committed 9600K, reserved 1058816K
  class space    used 800K, capacity 826K, committed 896K, reserved 1048576K
}
Event: 0.682 GC heap before
{Heap before GC invocations=2 (full 2):
 garbage-first heap   total 17408K, used 6865K [0x0000000081800000, 0x0000000100000000)
  region size 1024K, 4 young (4096K), 0 survivors (0K)
 Metaspace       used 10982K, capacity 11119K, committed 11264K, reserved 1058816K
  class space    used 992K, capacity 1020K, committed 1024K, reserved 1048576K
}
Event: 0.683 GC heap after
{Heap after GC invocations=3 (full 2):
 garbage-first heap   total 17408K, used 4165K [0x0000000081800000, 0x0000000100000000)
  region size 1024K, 1 young (1024K), 1 survivors (1024K)
 Metaspace       used 10982K, capacity 11119K, committed 11264K, reserved 1058816K
  class space    used 992K, capacity 1020K, committed 1024K, reserved 1048576K
}
Event: 0.814 GC heap before
{Heap before GC invocations=3 (full 2):
 garbage-first heap   total 17408K, used 10309K [0x0000000081800000, 0x0000000100000000)
  region size 1024K, 7 young (7168K), 1 survivors (1024K)
 Metaspace       used 12374K, capacity 12498K, committed 12800K, reserved 1060864K
  class space    used 1142K, capacity 1181K, committed 1280K, reserved 1048576K
}
Event: 0.816 GC heap after
{Heap after GC invocations=4 (full 2):
 garbage-first heap   total 17408K, used 4727K [0x0000000081800000, 0x0000000100000000)
  region size 1024K, 1 young (1024K), 1 survivors (1024K)
 Metaspace       used 12374K, capacity 12498K, committed 12800K, reserved 1060864K
  class space    used 1142K, capacity 1181K, committed 1280K, reserved 1048576K
}
Event: 1.007 GC heap before
{Heap before GC invocations=4 (full 2):
 garbage-first heap   total 17408K, used 10871K [0x0000000081800000, 0x0000000100000000)
  region size 1024K, 7 young (7168K), 1 survivors (1024K)
 Metaspace       used 15226K, capacity 15379K, committed 15744K, reserved 1062912K
  class space    used 1480K, capacity 1544K, committed 1664K, reserved 1048576K
}
Event: 1.009 GC heap after
{Heap after GC invocations=5 (full 2):
 garbage-first heap   total 17408K, used 5530K [0x0000000081800000, 0x0000000100000000)
  region size 1024K, 1 young (1024K), 1 survivors (1024K)
 Metaspace       used 15226K, capacity 15379K, committed 15744K, reserved 1062912K
  class space    used 1480K, capacity 1544K, committed 1664K, reserved 1048576K
}
Event: 1.086 GC heap before
{Heap before GC invocations=5 (full 2):
 garbage-first heap   total 17408K, used 10650K [0x0000000081800000, 0x0000000100000000)
  region size 1024K, 6 young (6144K), 1 survivors (1024K)
 Metaspace       used 16386K, capacity 16529K, committed 16768K, reserved 1064960K
  class space    used 1579K, capacity 1645K, committed 1664K, reserved 1048576K
}
Event: 1.088 GC heap after
{Heap after GC invocations=6 (full 2):
 garbage-first heap   total 17408K, used 6475K [0x0000000081800000, 0x0000000100000000)
  region size 1024K, 1 young (1024K), 1 survivors (1024K)
 Metaspace       used 16386K, capacity 16529K, committed 16768K, reserved 1064960K
  class space    used 1579K, capacity 1645K, committed 1664K, reserved 1048576K
}
Event: 1.191 GC heap before
{Heap before GC invocations=6 (full 2):
 garbage-first heap   total 17408K, used 10571K [0x0000000081800000, 0x0000000100000000)
  region size 1024K, 5 young (5120K), 1 survivors (1024K)
 Metaspace       used 17266K, capacity 17431K, committed 17664K, reserved 1064960K
  class space    used 1719K, capacity 1774K, committed 1792K, reserved 1048576K
}
Event: 1.194 GC heap after
{Heap after GC invocations=7 (full 2):
 garbage-first heap   total 17408K, used 7281K [0x0000000081800000, 0x0000000100000000)
  region size 1024K, 1 young (1024K), 1 survivors (1024K)
 Metaspace       used 17266K, capacity 17431K, committed 17664K, reserved 1064960K
  class space    used 1719K, capacity 1774K, committed 1792K, reserved 1048576K
}
Event: 2.292 GC heap before
{Heap before GC invocations=7 (full 2):
 garbage-first heap   total 17408K, used 10353K [0x0000000081800000, 0x0000000100000000)
  region size 1024K, 4 young (4096K), 1 survivors (1024K)
 Metaspace       used 18682K, capacity 18921K, committed 19200K, reserved 1067008K
  class space    used 1891K, capacity 1972K, committed 2048K, reserved 1048576K
}
Event: 2.296 GC heap after
{Heap after GC invocations=8 (full 2):
 garbage-first heap   total 74752K, used 7562K [0x0000000081800000, 0x0000000100000000)
  region size 1024K, 1 young (1024K), 1 survivors (1024K)
 Metaspace       used 18682K, capacity 18921K, committed 19200K, reserved 1067008K
  class space    used 1891K, capacity 1972K, committed 2048K, reserved 1048576K
}
Event: 78.419 GC heap before
{Heap before GC invocations=9 (full 2):
 garbage-first heap   total 37888K, used 29066K [0x0000000081800000, 0x0000000100000000)
  region size 1024K, 22 young (22528K), 1 survivors (1024K)
 Metaspace       used 23019K, capacity 23268K, committed 23552K, reserved 1071104K
  class space    used 2385K, capacity 2473K, committed 2560K, reserved 1048576K
}
Event: 78.423 GC heap after
{Heap after GC invocations=10 (full 2):
 garbage-first heap   total 37888K, used 8460K [0x0000000081800000, 0x0000000100000000)
  region size 1024K, 2 young (2048K), 2 survivors (2048K)
 Metaspace       used 23019K, capacity 23268K, committed 23552K, reserved 1071104K
  class space    used 2385K, capacity 2473K, committed 2560K, reserved 1048576K
}
Event: 88.008 GC heap before
{Heap before GC invocations=10 (full 2):
 garbage-first heap   total 37888K, used 9484K [0x0000000081800000, 0x0000000100000000)
  region size 1024K, 3 young (3072K), 2 survivors (2048K)
 Metaspace       used 23053K, capacity 23268K, committed 23552K, reserved 1071104K
  class space    used 2385K, capacity 2473K, committed 2560K, reserved 1048576K
}
Event: 88.013 GC heap after
{Heap after GC invocations=11 (full 2):
 garbage-first heap   total 37888K, used 8555K [0x0000000081800000, 0x0000000100000000)
  region size 1024K, 1 young (1024K), 1 survivors (1024K)
 Metaspace       used 23053K, capacity 23268K, committed 23552K, reserved 1071104K
  class space    used 2385K, capacity 2473K, committed 2560K, reserved 1048576K
}

