<?xml version="1.0" encoding="UTF-8"?>
<testng-results skipped="0" failed="0" ignored="0" total="1" passed="1">
  <reporter-output>
  </reporter-output>
  <suite name="Default suite" duration-ms="27626" started-at="2021-02-06T04:55:22Z" finished-at="2021-02-06T04:55:49Z">
    <groups>
    </groups>
    <test name="Default test" duration-ms="27626" started-at="2021-02-06T04:55:22Z" finished-at="2021-02-06T04:55:49Z">
      <class name="GitHub.githubproject.TC1">
        <test-method status="PASS" signature="before()[pri:0, instance:GitHub.githubproject.TC1@204f30ec]" name="before" is-config="true" duration-ms="10741" started-at="2021-02-05T23:55:22Z" finished-at="2021-02-05T23:55:33Z">
          <reporter-output>
          </reporter-output>
        </test-method> <!-- before -->
        <test-method status="PASS" signature="trending()[pri:0, instance:GitHub.githubproject.TC1@204f30ec]" name="trending" duration-ms="16755" started-at="2021-02-05T23:55:33Z" finished-at="2021-02-05T23:55:49Z">
          <reporter-output>
          </reporter-output>
        </test-method> <!-- trending -->
        <test-method status="PASS" signature="after()[pri:0, instance:GitHub.githubproject.TC1@204f30ec]" name="after" is-config="true" duration-ms="105" started-at="2021-02-05T23:55:49Z" finished-at="2021-02-05T23:55:49Z">
          <reporter-output>
          </reporter-output>
        </test-method> <!-- after -->
      </class> <!-- GitHub.githubproject.TC1 -->
    </test> <!-- Default test -->
  </suite> <!-- Default suite -->
</testng-results>
